<?xml version="1.0" encoding="UTF-8"?>
<!-- Generated by org.testng.reporters.JUnitXMLReporter -->
<testsuite ignored="1" hostname="Sneha" failures="0" tests="3" name="Default test" time="8.022" errors="0" timestamp="2024-12-05T10:33:50 IST">
  <testcase classname="Test.Class.LoginTest" name="validlogintest" time="0.571"/>
  <testcase classname="Test.Class.LoginTest" name="titletest" time="0.017"/>
  <testcase classname="Test.Class.LoginTest" name="emptyLogin" time="0.226"/>
  <testcase classname="Test.Class.LoginTest" name="invalidlogintest" time="0.0">
    <ignored/>
  </testcase> <!-- invalidlogintest -->
</testsuite> <!-- Default test -->
