<?xml version="1.0" encoding="UTF-8"?>
<!-- Generated by org.testng.reporters.JUnitXMLReporter -->
<testsuite ignored="0" hostname="Sneha" failures="0" tests="3" name="Test" time="0.126" errors="0" timestamp="2024-11-20T23:07:47 IST">
  <testcase classname="SeleniumTestingOct.SeleniumTesting.TestNGParameterization" name="Test1" time="0.013"/>
  <testcase classname="SeleniumTestingOct.SeleniumTesting.TestNGParameterization" name="Test2" time="0.002"/>
  <testcase classname="SeleniumTestingOct.SeleniumTesting.TestNGParameterization" name="Test3" time="0.002"/>
</testsuite> <!-- Test -->
