<?xml version="1.0" encoding="UTF-8"?>
<testng-results ignored="0" total="3" passed="3" failed="0" skipped="0">
  <reporter-output>
  </reporter-output>
  <suite started-at="2024-12-05T10:33:42 IST" name="Default suite" finished-at="2024-12-05T10:33:50 IST" duration-ms="8022">
    <groups>
    </groups>
    <test started-at="2024-12-05T10:33:42 IST" name="Default test" finished-at="2024-12-05T10:33:50 IST" duration-ms="8022">
      <class name="Test.Class.LoginTest">
        <test-method is-config="true" signature="setup()[pri:0, instance:Test.Class.LoginTest@3023df74]" started-at="2024-12-05T10:33:42 IST" name="setup" finished-at="2024-12-05T10:33:45 IST" duration-ms="2874" status="PASS">
          <reporter-output>
          </reporter-output>
        </test-method> <!-- setup -->
        <test-method signature="validlogintest()[pri:0, instance:Test.Class.LoginTest@3023df74]" started-at="2024-12-05T10:33:45 IST" name="validlogintest" finished-at="2024-12-05T10:33:45 IST" duration-ms="571" status="PASS">
          <reporter-output>
          </reporter-output>
        </test-method> <!-- validlogintest -->
        <test-method is-config="true" signature="tearDown()[pri:0, instance:Test.Class.LoginTest@3023df74]" started-at="2024-12-05T10:33:45 IST" name="tearDown" finished-at="2024-12-05T10:33:45 IST" duration-ms="174" status="PASS">
          <reporter-output>
          </reporter-output>
        </test-method> <!-- tearDown -->
        <test-method is-config="true" signature="setup()[pri:0, instance:Test.Class.LoginTest@3023df74]" started-at="2024-12-05T10:33:45 IST" name="setup" finished-at="2024-12-05T10:33:47 IST" duration-ms="1684" status="PASS">
          <reporter-output>
          </reporter-output>
        </test-method> <!-- setup -->
        <test-method signature="titletest()[pri:1, instance:Test.Class.LoginTest@3023df74]" started-at="2024-12-05T10:33:47 IST" name="titletest" finished-at="2024-12-05T10:33:47 IST" duration-ms="17" status="PASS">
          <reporter-output>
          </reporter-output>
        </test-method> <!-- titletest -->
        <test-method is-config="true" signature="tearDown()[pri:0, instance:Test.Class.LoginTest@3023df74]" started-at="2024-12-05T10:33:47 IST" name="tearDown" finished-at="2024-12-05T10:33:47 IST" duration-ms="266" status="PASS">
          <reporter-output>
          </reporter-output>
        </test-method> <!-- tearDown -->
        <test-method is-config="true" signature="setup()[pri:0, instance:Test.Class.LoginTest@3023df74]" started-at="2024-12-05T10:33:47 IST" name="setup" finished-at="2024-12-05T10:33:49 IST" duration-ms="1976" status="PASS">
          <reporter-output>
          </reporter-output>
        </test-method> <!-- setup -->
        <test-method signature="emptyLogin()[pri:3, instance:Test.Class.LoginTest@3023df74]" started-at="2024-12-05T10:33:49 IST" name="emptyLogin" finished-at="2024-12-05T10:33:50 IST" duration-ms="226" status="PASS">
          <reporter-output>
          </reporter-output>
        </test-method> <!-- emptyLogin -->
        <test-method is-config="true" signature="tearDown()[pri:0, instance:Test.Class.LoginTest@3023df74]" started-at="2024-12-05T10:33:50 IST" name="tearDown" finished-at="2024-12-05T10:33:50 IST" duration-ms="156" status="PASS">
          <reporter-output>
          </reporter-output>
        </test-method> <!-- tearDown -->
      </class> <!-- Test.Class.LoginTest -->
    </test> <!-- Default test -->
  </suite> <!-- Default suite -->
</testng-results>
